# JRE version: OpenJDK Runtime Environment Temurin-17.0.10+7 (17.0.10+7) (build 17.0.10+7)
# Java VM: OpenJDK 64-Bit Server VM Temurin-17.0.10+7 (17.0.10+7, mixed mode, emulated-client, tiered, compressed oops, compressed class ptrs, g1 gc, windows-amd64)
GC Precious Log:
 CPUs: 12 total, 12 available
 Memory: 7597M
 Large Page Support: Disabled
 NUMA Support: Disabled
 Compressed Oops: Enabled (32-bit)
 Heap Region Size: 1M
 Heap Min Capacity: 8M
 Heap Initial Capacity: 120M
 Heap Max Capacity: 1G
 Pre-touch: Disabled
 Parallel Workers: 10
 Concurrent Workers: 3
 Concurrent Refinement Workers: 10
 Periodic GC: Disabled
Heap:
 garbage-first heap   total 153600K, used 45614K [0x00000000c0000000, 0x0000000100000000)
  region size 1024K, 1 young (1024K), 0 survivors (0K)
 Metaspace       used 58869K, committed 59392K, reserved 1114112K
  class space    used 7321K, committed 7552K, reserved 1048576K
GC Heap History (20 events):
Event: 4621.565 GC heap before
{Heap before GC invocations=301 (full 82):
 garbage-first heap   total 153600K, used 46486K [0x00000000c0000000, 0x0000000100000000)
  region size 1024K, 1 young (1024K), 0 survivors (0K)
 Metaspace       used 58869K, committed 59392K, reserved 1114112K
  class space    used 7321K, committed 7552K, reserved 1048576K
}
Event: 4621.600 GC heap after
{Heap after GC invocations=302 (full 83):
 garbage-first heap   total 153600K, used 46486K [0x00000000c0000000, 0x0000000100000000)
  region size 1024K, 0 young (0K), 0 survivors (0K)
 Metaspace       used 58869K, committed 59392K, reserved 1114112K
  class space    used 7321K, committed 7552K, reserved 1048576K
}
Event: 4631.918 GC heap before
{Heap before GC invocations=302 (full 83):
 garbage-first heap   total 153600K, used 46486K [0x00000000c0000000, 0x0000000100000000)
  region size 1024K, 1 young (1024K), 0 survivors (0K)
 Metaspace       used 58869K, committed 59392K, reserved 1114112K
  class space    used 7321K, committed 7552K, reserved 1048576K
}
Event: 4631.952 GC heap after
{Heap after GC invocations=303 (full 84):
 garbage-first heap   total 153600K, used 46485K [0x00000000c0000000, 0x0000000100000000)
  region size 1024K, 0 young (0K), 0 survivors (0K)
 Metaspace       used 58869K, committed 59392K, reserved 1114112K
  class space    used 7321K, committed 7552K, reserved 1048576K
}
Event: 4642.289 GC heap before
{Heap before GC invocations=303 (full 84):
 garbage-first heap   total 153600K, used 46485K [0x00000000c0000000, 0x0000000100000000)
  region size 1024K, 1 young (1024K), 0 survivors (0K)
 Metaspace       used 58869K, committed 59392K, reserved 1114112K
  class space    used 7321K, committed 7552K, reserved 1048576K
}
Event: 4642.317 GC heap after
{Heap after GC invocations=304 (full 85):
 garbage-first heap   total 153600K, used 46485K [0x00000000c0000000, 0x0000000100000000)
  region size 1024K, 0 young (0K), 0 survivors (0K)
 Metaspace       used 58869K, committed 59392K, reserved 1114112K
  class space    used 7321K, committed 7552K, reserved 1048576K
}
Event: 4652.633 GC heap before
{Heap before GC invocations=304 (full 85):
 garbage-first heap   total 153600K, used 46485K [0x00000000c0000000, 0x0000000100000000)
  region size 1024K, 1 young (1024K), 0 survivors (0K)
 Metaspace       used 58869K, committed 59392K, reserved 1114112K
  class space    used 7321K, committed 7552K, reserved 1048576K
}
Event: 4652.663 GC heap after
{Heap after GC invocations=305 (full 86):
 garbage-first heap   total 153600K, used 46485K [0x00000000c0000000, 0x0000000100000000)
  region size 1024K, 0 young (0K), 0 survivors (0K)
 Metaspace       used 58869K, committed 59392K, reserved 1114112K
  class space    used 7321K, committed 7552K, reserved 1048576K
}
Event: 4663.031 GC heap before
{Heap before GC invocations=305 (full 86):
 garbage-first heap   total 153600K, used 46485K [0x00000000c0000000, 0x0000000100000000)
  region size 1024K, 1 young (1024K), 0 survivors (0K)
 Metaspace       used 58869K, committed 59392K, reserved 1114112K
  class space    used 7321K, committed 7552K, reserved 1048576K
}
Event: 4663.061 GC heap after
{Heap after GC invocations=306 (full 87):
 garbage-first heap   total 153600K, used 46485K [0x00000000c0000000, 0x0000000100000000)
  region size 1024K, 0 young (0K), 0 survivors (0K)
 Metaspace       used 58869K, committed 59392K, reserved 1114112K
  class space    used 7321K, committed 7552K, reserved 1048576K
}
Event: 4673.377 GC heap before
{Heap before GC invocations=306 (full 87):
 garbage-first heap   total 153600K, used 46485K [0x00000000c0000000, 0x0000000100000000)
  region size 1024K, 1 young (1024K), 0 survivors (0K)
 Metaspace       used 58869K, committed 59392K, reserved 1114112K
  class space    used 7321K, committed 7552K, reserved 1048576K
}
Event: 4673.405 GC heap after
{Heap after GC invocations=307 (full 88):
 garbage-first heap   total 153600K, used 46485K [0x00000000c0000000, 0x0000000100000000)
  region size 1024K, 0 young (0K), 0 survivors (0K)
 Metaspace       used 58869K, committed 59392K, reserved 1114112K
  class space    used 7321K, committed 7552K, reserved 1048576K
}
Event: 4683.715 GC heap before
{Heap before GC invocations=307 (full 88):
 garbage-first heap   total 153600K, used 46485K [0x00000000c0000000, 0x0000000100000000)
  region size 1024K, 1 young (1024K), 0 survivors (0K)
 Metaspace       used 58869K, committed 59392K, reserved 1114112K
  class space    used 7321K, committed 7552K, reserved 1048576K
}
Event: 4683.746 GC heap after
{Heap after GC invocations=308 (full 89):
 garbage-first heap   total 153600K, used 45614K [0x00000000c0000000, 0x0000000100000000)
  region size 1024K, 0 young (0K), 0 survivors (0K)
 Metaspace       used 58869K, committed 59392K, reserved 1114112K
  class space    used 7321K, committed 7552K, reserved 1048576K
}
Event: 4694.098 GC heap before
{Heap before GC invocations=308 (full 89):
 garbage-first heap   total 153600K, used 45614K [0x00000000c0000000, 0x0000000100000000)
  region size 1024K, 1 young (1024K), 0 survivors (0K)
 Metaspace       used 58869K, committed 59392K, reserved 1114112K
  class space    used 7321K, committed 7552K, reserved 1048576K
}
Event: 4694.136 GC heap after
{Heap after GC invocations=309 (full 90):
 garbage-first heap   total 153600K, used 45614K [0x00000000c0000000, 0x0000000100000000)
  region size 1024K, 0 young (0K), 0 survivors (0K)
 Metaspace       used 58869K, committed 59392K, reserved 1114112K
  class space    used 7321K, committed 7552K, reserved 1048576K
}
Event: 4704.485 GC heap before
{Heap before GC invocations=309 (full 90):
 garbage-first heap   total 153600K, used 45614K [0x00000000c0000000, 0x0000000100000000)
  region size 1024K, 1 young (1024K), 0 survivors (0K)
 Metaspace       used 58869K, committed 59392K, reserved 1114112K
  class space    used 7321K, committed 7552K, reserved 1048576K
}
Event: 4704.513 GC heap after
{Heap after GC invocations=310 (full 91):
 garbage-first heap   total 153600K, used 45614K [0x00000000c0000000, 0x0000000100000000)
  region size 1024K, 0 young (0K), 0 survivors (0K)
 Metaspace       used 58869K, committed 59392K, reserved 1114112K
  class space    used 7321K, committed 7552K, reserved 1048576K
}
Event: 4714.888 GC heap before
{Heap before GC invocations=310 (full 91):
 garbage-first heap   total 153600K, used 45614K [0x00000000c0000000, 0x0000000100000000)
  region size 1024K, 1 young (1024K), 0 survivors (0K)
 Metaspace       used 58869K, committed 59392K, reserved 1114112K
  class space    used 7321K, committed 7552K, reserved 1048576K
}
Event: 4714.924 GC heap after
{Heap after GC invocations=311 (full 92):
 garbage-first heap   total 153600K, used 45614K [0x00000000c0000000, 0x0000000100000000)
  region size 1024K, 0 young (0K), 0 survivors (0K)
 Metaspace       used 58869K, committed 59392K, reserved 1114112K
  class space    used 7321K, committed 7552K, reserved 1048576K
}

