# JRE version: OpenJDK Runtime Environment Temurin-17.0.10+7 (17.0.10+7) (build 17.0.10+7)
# Java VM: OpenJDK 64-Bit Server VM Temurin-17.0.10+7 (17.0.10+7, mixed mode, tiered, compressed oops, compressed class ptrs, g1 gc, windows-amd64)
GC Precious Log:
 CPUs: 12 total, 12 available
 Memory: 7597M
 Large Page Support: Disabled
 NUMA Support: Disabled
 Compressed Oops: Enabled (32-bit)
 Heap Region Size: 1M
 Heap Min Capacity: 8M
 Heap Initial Capacity: 120M
 Heap Max Capacity: 1900M
 Pre-touch: Disabled
 Parallel Workers: 10
 Concurrent Workers: 3
 Concurrent Refinement Workers: 10
 Periodic GC: Disabled
Heap:
 garbage-first heap   total 71680K, used 28230K [0x0000000089400000, 0x0000000100000000)
  region size 1024K, 10 young (10240K), 1 survivors (1024K)
 Metaspace       used 23884K, committed 24192K, reserved 1114112K
  class space    used 3039K, committed 3200K, reserved 1048576K
GC Heap History (8 events):
Event: 4.937 GC heap before
{Heap before GC invocations=0 (full 0):
 garbage-first heap   total 122880K, used 26624K [0x0000000089400000, 0x0000000100000000)
  region size 1024K, 23 young (23552K), 0 survivors (0K)
 Metaspace       used 14208K, committed 14336K, reserved 1114112K
  class space    used 1546K, committed 1600K, reserved 1048576K
}
Event: 5.407 GC heap after
{Heap after GC invocations=1 (full 0):
 garbage-first heap   total 122880K, used 12256K [0x0000000089400000, 0x0000000100000000)
  region size 1024K, 3 young (3072K), 3 survivors (3072K)
 Metaspace       used 14208K, committed 14336K, reserved 1114112K
  class space    used 1546K, committed 1600K, reserved 1048576K
}
Event: 8.273 GC heap before
{Heap before GC invocations=1 (full 0):
 garbage-first heap   total 122880K, used 34784K [0x0000000089400000, 0x0000000100000000)
  region size 1024K, 25 young (25600K), 3 survivors (3072K)
 Metaspace       used 16500K, committed 16768K, reserved 1114112K
  class space    used 1909K, committed 2048K, reserved 1048576K
}
Event: 8.287 GC heap after
{Heap after GC invocations=2 (full 0):
 garbage-first heap   total 122880K, used 14313K [0x0000000089400000, 0x0000000100000000)
  region size 1024K, 2 young (2048K), 2 survivors (2048K)
 Metaspace       used 16500K, committed 16768K, reserved 1114112K
  class space    used 1909K, committed 2048K, reserved 1048576K
}
Event: 13.030 GC heap before
{Heap before GC invocations=2 (full 0):
 garbage-first heap   total 122880K, used 56297K [0x0000000089400000, 0x0000000100000000)
  region size 1024K, 42 young (43008K), 2 survivors (2048K)
 Metaspace       used 18918K, committed 19200K, reserved 1114112K
  class space    used 2305K, committed 2432K, reserved 1048576K
}
Event: 13.039 GC heap after
{Heap after GC invocations=3 (full 0):
 garbage-first heap   total 122880K, used 19456K [0x0000000089400000, 0x0000000100000000)
  region size 1024K, 6 young (6144K), 6 survivors (6144K)
 Metaspace       used 18918K, committed 19200K, reserved 1114112K
  class space    used 2305K, committed 2432K, reserved 1048576K
}
Event: 15.438 GC heap before
{Heap before GC invocations=3 (full 0):
 garbage-first heap   total 122880K, used 29696K [0x0000000089400000, 0x0000000100000000)
  region size 1024K, 17 young (17408K), 6 survivors (6144K)
 Metaspace       used 21360K, committed 21504K, reserved 1114112K
  class space    used 2681K, committed 2752K, reserved 1048576K
}
Event: 15.446 GC heap after
{Heap after GC invocations=4 (full 0):
 garbage-first heap   total 122880K, used 20038K [0x0000000089400000, 0x0000000100000000)
  region size 1024K, 1 young (1024K), 1 survivors (1024K)
 Metaspace       used 21360K, committed 21504K, reserved 1114112K
  class space    used 2681K, committed 2752K, reserved 1048576K
}

