# JRE version: Java(TM) SE Runtime Environment (17.0.10+11) (build 17.0.10+11-LTS-240)
# Java VM: Java HotSpot(TM) 64-Bit Server VM (17.0.10+11-LTS-240, mixed mode, sharing, tiered, compressed oops, compressed class ptrs, g1 gc, windows-amd64)
GC Precious Log:
 CPUs: 12 total, 12 available
 Memory: 7597M
 Large Page Support: Disabled
 NUMA Support: Disabled
 Compressed Oops: Enabled (32-bit)
 Heap Region Size: 1M
 Heap Min Capacity: 256M
 Heap Initial Capacity: 256M
 Heap Max Capacity: 512M
 Pre-touch: Disabled
 Parallel Workers: 10
 Concurrent Workers: 3
 Concurrent Refinement Workers: 10
 Periodic GC: Disabled
Heap:
 garbage-first heap   total 262144K, used 173414K [0x00000000e0000000, 0x0000000100000000)
  region size 1024K, 150 young (153600K), 18 survivors (18432K)
 Metaspace       used 55563K, committed 56064K, reserved 393216K
  class space    used 7947K, committed 8192K, reserved 327680K
GC Heap History (10 events):
Event: 1.078 GC heap before
{Heap before GC invocations=0 (full 0):
 garbage-first heap   total 262144K, used 26624K [0x00000000e0000000, 0x0000000100000000)
  region size 1024K, 23 young (23552K), 0 survivors (0K)
 Metaspace       used 3051K, committed 3200K, reserved 393216K
  class space    used 391K, committed 448K, reserved 327680K
}
Event: 1.083 GC heap after
{Heap after GC invocations=1 (full 0):
 garbage-first heap   total 262144K, used 10635K [0x00000000e0000000, 0x0000000100000000)
  region size 1024K, 3 young (3072K), 3 survivors (3072K)
 Metaspace       used 3051K, committed 3200K, reserved 393216K
  class space    used 391K, committed 448K, reserved 327680K
}
Event: 1.889 GC heap before
{Heap before GC invocations=1 (full 0):
 garbage-first heap   total 262144K, used 38283K [0x00000000e0000000, 0x0000000100000000)
  region size 1024K, 30 young (30720K), 3 survivors (3072K)
 Metaspace       used 3979K, committed 4160K, reserved 393216K
  class space    used 489K, committed 576K, reserved 327680K
}
Event: 1.892 GC heap after
{Heap after GC invocations=2 (full 0):
 garbage-first heap   total 262144K, used 11640K [0x00000000e0000000, 0x0000000100000000)
  region size 1024K, 1 young (1024K), 1 survivors (1024K)
 Metaspace       used 3979K, committed 4160K, reserved 393216K
  class space    used 489K, committed 576K, reserved 327680K
}
Event: 6.520 GC heap before
{Heap before GC invocations=2 (full 0):
 garbage-first heap   total 262144K, used 131448K [0x00000000e0000000, 0x0000000100000000)
  region size 1024K, 118 young (120832K), 1 survivors (1024K)
 Metaspace       used 21231K, committed 21504K, reserved 393216K
  class space    used 3123K, committed 3264K, reserved 327680K
}
Event: 6.534 GC heap after
{Heap after GC invocations=3 (full 0):
 garbage-first heap   total 262144K, used 22726K [0x00000000e0000000, 0x0000000100000000)
  region size 1024K, 12 young (12288K), 12 survivors (12288K)
 Metaspace       used 21231K, committed 21504K, reserved 393216K
  class space    used 3123K, committed 3264K, reserved 327680K
}
Event: 9.221 GC heap before
{Heap before GC invocations=4 (full 0):
 garbage-first heap   total 262144K, used 137414K [0x00000000e0000000, 0x0000000100000000)
  region size 1024K, 124 young (126976K), 12 survivors (12288K)
 Metaspace       used 35708K, committed 35968K, reserved 393216K
  class space    used 5066K, committed 5184K, reserved 327680K
}
Event: 9.238 GC heap after
{Heap after GC invocations=5 (full 0):
 garbage-first heap   total 262144K, used 32134K [0x00000000e0000000, 0x0000000100000000)
  region size 1024K, 9 young (9216K), 9 survivors (9216K)
 Metaspace       used 35708K, committed 35968K, reserved 393216K
  class space    used 5066K, committed 5184K, reserved 327680K
}
Event: 12.719 GC heap before
{Heap before GC invocations=6 (full 0):
 garbage-first heap   total 262144K, used 184710K [0x00000000e0000000, 0x0000000100000000)
  region size 1024K, 153 young (156672K), 9 survivors (9216K)
 Metaspace       used 48922K, committed 49408K, reserved 393216K
  class space    used 7152K, committed 7360K, reserved 327680K
}
Event: 12.739 GC heap after
{Heap after GC invocations=7 (full 0):
 garbage-first heap   total 262144K, used 40294K [0x00000000e0000000, 0x0000000100000000)
  region size 1024K, 18 young (18432K), 18 survivors (18432K)
 Metaspace       used 48922K, committed 49408K, reserved 393216K
  class space    used 7152K, committed 7360K, reserved 327680K
}

